<?xml version="1.0" encoding="UTF-8"?>
<testsuite xmlns:xsi="http://www.w3.org/2001/XMLSchema-instance" xsi:noNamespaceSchemaLocation="https://maven.apache.org/surefire/maven-surefire-plugin/xsd/surefire-test-report.xsd" name="contracts.FBRSearchBetsContractTests" time="0.258" tests="2" errors="0" skipped="0" failures="0">
  <properties>
    <property name="gopherProxySet" value="false"/>
    <property name="awt.toolkit" value="sun.lwawt.macosx.LWCToolkit"/>
    <property name="file.encoding.pkg" value="sun.io"/>
    <property name="java.specification.version" value="1.8"/>
    <property name="sun.cpu.isalist" value=""/>
    <property name="sun.jnu.encoding" value="UTF-8"/>
    <property name="java.class.path" value="/Users/sousaa3/projects/github/ContractTestingPOC/agendas-consumer-service/target/test-classes:/Users/sousaa3/projects/github/ContractTestingPOC/agendas-consumer-service/target/classes:/Users/sousaa3/.m2/repository/org/springframework/boot/spring-boot-starter-web/2.5.0/spring-boot-starter-web-2.5.0.jar:/Users/sousaa3/.m2/repository/org/springframework/boot/spring-boot-starter/2.5.0/spring-boot-starter-2.5.0.jar:/Users/sousaa3/.m2/repository/org/springframework/boot/spring-boot/2.5.0/spring-boot-2.5.0.jar:/Users/sousaa3/.m2/repository/org/springframework/boot/spring-boot-autoconfigure/2.5.0/spring-boot-autoconfigure-2.5.0.jar:/Users/sousaa3/.m2/repository/org/springframework/boot/spring-boot-starter-logging/2.5.0/spring-boot-starter-logging-2.5.0.jar:/Users/sousaa3/.m2/repository/ch/qos/logback/logback-classic/1.2.3/logback-classic-1.2.3.jar:/Users/sousaa3/.m2/repository/ch/qos/logback/logback-core/1.2.3/logback-core-1.2.3.jar:/Users/sousaa3/.m2/repository/org/apache/logging/log4j/log4j-to-slf4j/2.14.1/log4j-to-slf4j-2.14.1.jar:/Users/sousaa3/.m2/repository/org/apache/logging/log4j/log4j-api/2.14.1/log4j-api-2.14.1.jar:/Users/sousaa3/.m2/repository/org/slf4j/jul-to-slf4j/1.7.30/jul-to-slf4j-1.7.30.jar:/Users/sousaa3/.m2/repository/jakarta/annotation/jakarta.annotation-api/1.3.5/jakarta.annotation-api-1.3.5.jar:/Users/sousaa3/.m2/repository/org/yaml/snakeyaml/1.28/snakeyaml-1.28.jar:/Users/sousaa3/.m2/repository/org/springframework/boot/spring-boot-starter-json/2.5.0/spring-boot-starter-json-2.5.0.jar:/Users/sousaa3/.m2/repository/com/fasterxml/jackson/core/jackson-databind/2.12.3/jackson-databind-2.12.3.jar:/Users/sousaa3/.m2/repository/com/fasterxml/jackson/core/jackson-annotations/2.12.3/jackson-annotations-2.12.3.jar:/Users/sousaa3/.m2/repository/com/fasterxml/jackson/core/jackson-core/2.12.3/jackson-core-2.12.3.jar:/Users/sousaa3/.m2/repository/com/fasterxml/jackson/datatype/jackson-datatype-jdk8/2.12.3/jackson-datatype-jdk8-2.12.3.jar:/Users/sousaa3/.m2/repository/com/fasterxml/jackson/datatype/jackson-datatype-jsr310/2.12.3/jackson-datatype-jsr310-2.12.3.jar:/Users/sousaa3/.m2/repository/com/fasterxml/jackson/module/jackson-module-parameter-names/2.12.3/jackson-module-parameter-names-2.12.3.jar:/Users/sousaa3/.m2/repository/org/springframework/boot/spring-boot-starter-tomcat/2.5.0/spring-boot-starter-tomcat-2.5.0.jar:/Users/sousaa3/.m2/repository/org/apache/tomcat/embed/tomcat-embed-core/9.0.46/tomcat-embed-core-9.0.46.jar:/Users/sousaa3/.m2/repository/org/apache/tomcat/embed/tomcat-embed-el/9.0.46/tomcat-embed-el-9.0.46.jar:/Users/sousaa3/.m2/repository/org/apache/tomcat/embed/tomcat-embed-websocket/9.0.46/tomcat-embed-websocket-9.0.46.jar:/Users/sousaa3/.m2/repository/org/springframework/spring-web/5.3.7/spring-web-5.3.7.jar:/Users/sousaa3/.m2/repository/org/springframework/spring-beans/5.3.7/spring-beans-5.3.7.jar:/Users/sousaa3/.m2/repository/org/springframework/spring-webmvc/5.3.7/spring-webmvc-5.3.7.jar:/Users/sousaa3/.m2/repository/org/springframework/spring-aop/5.3.7/spring-aop-5.3.7.jar:/Users/sousaa3/.m2/repository/org/springframework/spring-context/5.3.7/spring-context-5.3.7.jar:/Users/sousaa3/.m2/repository/org/springframework/spring-expression/5.3.7/spring-expression-5.3.7.jar:/Users/sousaa3/.m2/repository/org/springframework/boot/spring-boot-starter-test/2.5.0/spring-boot-starter-test-2.5.0.jar:/Users/sousaa3/.m2/repository/org/springframework/boot/spring-boot-test/2.5.0/spring-boot-test-2.5.0.jar:/Users/sousaa3/.m2/repository/org/springframework/boot/spring-boot-test-autoconfigure/2.5.0/spring-boot-test-autoconfigure-2.5.0.jar:/Users/sousaa3/.m2/repository/com/jayway/jsonpath/json-path/2.5.0/json-path-2.5.0.jar:/Users/sousaa3/.m2/repository/net/minidev/json-smart/2.4.7/json-smart-2.4.7.jar:/Users/sousaa3/.m2/repository/net/minidev/accessors-smart/2.4.7/accessors-smart-2.4.7.jar:/Users/sousaa3/.m2/repository/org/ow2/asm/asm/9.1/asm-9.1.jar:/Users/sousaa3/.m2/repository/jakarta/xml/bind/jakarta.xml.bind-api/2.3.3/jakarta.xml.bind-api-2.3.3.jar:/Users/sousaa3/.m2/repository/jakarta/activation/jakarta.activation-api/1.2.2/jakarta.activation-api-1.2.2.jar:/Users/sousaa3/.m2/repository/org/assertj/assertj-core/3.19.0/assertj-core-3.19.0.jar:/Users/sousaa3/.m2/repository/org/hamcrest/hamcrest/2.2/hamcrest-2.2.jar:/Users/sousaa3/.m2/repository/org/junit/jupiter/junit-jupiter/5.7.2/junit-jupiter-5.7.2.jar:/Users/sousaa3/.m2/repository/org/junit/jupiter/junit-jupiter-params/5.7.2/junit-jupiter-params-5.7.2.jar:/Users/sousaa3/.m2/repository/org/junit/jupiter/junit-jupiter-engine/5.7.2/junit-jupiter-engine-5.7.2.jar:/Users/sousaa3/.m2/repository/org/junit/platform/junit-platform-engine/1.7.2/junit-platform-engine-1.7.2.jar:/Users/sousaa3/.m2/repository/org/mockito/mockito-core/3.9.0/mockito-core-3.9.0.jar:/Users/sousaa3/.m2/repository/net/bytebuddy/byte-buddy/1.10.22/byte-buddy-1.10.22.jar:/Users/sousaa3/.m2/repository/net/bytebuddy/byte-buddy-agent/1.10.22/byte-buddy-agent-1.10.22.jar:/Users/sousaa3/.m2/repository/org/objenesis/objenesis/3.2/objenesis-3.2.jar:/Users/sousaa3/.m2/repository/org/mockito/mockito-junit-jupiter/3.9.0/mockito-junit-jupiter-3.9.0.jar:/Users/sousaa3/.m2/repository/org/skyscreamer/jsonassert/1.5.0/jsonassert-1.5.0.jar:/Users/sousaa3/.m2/repository/com/vaadin/external/google/android-json/0.0.20131108.vaadin1/android-json-0.0.20131108.vaadin1.jar:/Users/sousaa3/.m2/repository/org/springframework/spring-core/5.3.7/spring-core-5.3.7.jar:/Users/sousaa3/.m2/repository/org/springframework/spring-jcl/5.3.7/spring-jcl-5.3.7.jar:/Users/sousaa3/.m2/repository/org/springframework/spring-test/5.3.7/spring-test-5.3.7.jar:/Users/sousaa3/.m2/repository/org/xmlunit/xmlunit-core/2.8.2/xmlunit-core-2.8.2.jar:/Users/sousaa3/.m2/repository/au/com/dius/pact-jvm-consumer-junit5/4.0.10/pact-jvm-consumer-junit5-4.0.10.jar:/Users/sousaa3/.m2/repository/org/junit/jupiter/junit-jupiter-api/5.7.2/junit-jupiter-api-5.7.2.jar:/Users/sousaa3/.m2/repository/org/apiguardian/apiguardian-api/1.1.0/apiguardian-api-1.1.0.jar:/Users/sousaa3/.m2/repository/org/opentest4j/opentest4j/1.2.0/opentest4j-1.2.0.jar:/Users/sousaa3/.m2/repository/org/junit/platform/junit-platform-commons/1.7.2/junit-platform-commons-1.7.2.jar:/Users/sousaa3/.m2/repository/au/com/dius/pact-jvm-consumer/4.0.10/pact-jvm-consumer-4.0.10.jar:/Users/sousaa3/.m2/repository/com/googlecode/java-diff-utils/diffutils/1.3.0/diffutils-1.3.0.jar:/Users/sousaa3/.m2/repository/dk/brics/automaton/automaton/1.11-8/automaton-1.11-8.jar:/Users/sousaa3/.m2/repository/org/apache/httpcomponents/httpclient/4.5.13/httpclient-4.5.13.jar:/Users/sousaa3/.m2/repository/org/apache/httpcomponents/httpcore/4.4.14/httpcore-4.4.14.jar:/Users/sousaa3/.m2/repository/commons-codec/commons-codec/1.15/commons-codec-1.15.jar:/Users/sousaa3/.m2/repository/org/json/json/20160212/json-20160212.jar:/Users/sousaa3/.m2/repository/io/netty/netty-handler/4.1.65.Final/netty-handler-4.1.65.Final.jar:/Users/sousaa3/.m2/repository/io/netty/netty-common/4.1.65.Final/netty-common-4.1.65.Final.jar:/Users/sousaa3/.m2/repository/io/netty/netty-resolver/4.1.65.Final/netty-resolver-4.1.65.Final.jar:/Users/sousaa3/.m2/repository/io/netty/netty-buffer/4.1.65.Final/netty-buffer-4.1.65.Final.jar:/Users/sousaa3/.m2/repository/io/netty/netty-transport/4.1.65.Final/netty-transport-4.1.65.Final.jar:/Users/sousaa3/.m2/repository/io/netty/netty-codec/4.1.65.Final/netty-codec-4.1.65.Final.jar:/Users/sousaa3/.m2/repository/org/apache/httpcomponents/httpmime/4.5.13/httpmime-4.5.13.jar:/Users/sousaa3/.m2/repository/org/apache/httpcomponents/fluent-hc/4.5.13/fluent-hc-4.5.13.jar:/Users/sousaa3/.m2/repository/commons-logging/commons-logging/1.2/commons-logging-1.2.jar:/Users/sousaa3/.m2/repository/au/com/dius/pact-jvm-core-model/4.0.10/pact-jvm-core-model-4.0.10.jar:/Users/sousaa3/.m2/repository/com/github/zafarkhaja/java-semver/0.9.0/java-semver-0.9.0.jar:/Users/sousaa3/.m2/repository/org/apache/commons/commons-collections4/4.1/commons-collections4-4.1.jar:/Users/sousaa3/.m2/repository/javax/mail/mail/1.5.0-b01/mail-1.5.0-b01.jar:/Users/sousaa3/.m2/repository/javax/activation/activation/1.1/activation-1.1.jar:/Users/sousaa3/.m2/repository/au/com/dius/pact-jvm-core-support/4.0.10/pact-jvm-core-support-4.0.10.jar:/Users/sousaa3/.m2/repository/io/github/microutils/kotlin-logging/1.6.26/kotlin-logging-1.6.26.jar:/Users/sousaa3/.m2/repository/io/github/microutils/kotlin-logging-common/1.6.26/kotlin-logging-common-1.6.26.jar:/Users/sousaa3/.m2/repository/io/arrow-kt/arrow-core-extensions/0.9.0/arrow-core-extensions-0.9.0.jar:/Users/sousaa3/.m2/repository/io/arrow-kt/arrow-annotations/0.9.0/arrow-annotations-0.9.0.jar:/Users/sousaa3/.m2/repository/io/kindedj/kindedj/1.1.0/kindedj-1.1.0.jar:/Users/sousaa3/.m2/repository/io/arrow-kt/arrow-typeclasses/0.9.0/arrow-typeclasses-0.9.0.jar:/Users/sousaa3/.m2/repository/io/arrow-kt/arrow-core-data/0.9.0/arrow-core-data-0.9.0.jar:/Users/sousaa3/.m2/repository/au/com/dius/pact-jvm-core-pact-broker/4.0.10/pact-jvm-core-pact-broker-4.0.10.jar:/Users/sousaa3/.m2/repository/org/dmfs/rfc3986-uri/0.8/rfc3986-uri-0.8.jar:/Users/sousaa3/.m2/repository/org/dmfs/iterators/1.5/iterators-1.5.jar:/Users/sousaa3/.m2/repository/org/dmfs/optional/0.3/optional-0.3.jar:/Users/sousaa3/.m2/repository/com/google/code/gson/gson/2.8.6/gson-2.8.6.jar:/Users/sousaa3/.m2/repository/com/github/salomonbrys/kotson/kotson/2.5.0/kotson-2.5.0.jar:/Users/sousaa3/.m2/repository/au/com/dius/pact-jvm-core-matchers/4.0.10/pact-jvm-core-matchers-4.0.10.jar:/Users/sousaa3/.m2/repository/xerces/xercesImpl/2.12.0/xercesImpl-2.12.0.jar:/Users/sousaa3/.m2/repository/xml-apis/xml-apis/1.4.01/xml-apis-1.4.01.jar:/Users/sousaa3/.m2/repository/org/atteo/evo-inflector/1.2.2/evo-inflector-1.2.2.jar:/Users/sousaa3/.m2/repository/io/ktor/ktor-server-netty/1.2.6/ktor-server-netty-1.2.6.jar:/Users/sousaa3/.m2/repository/org/jetbrains/kotlin/kotlin-stdlib-jdk7/1.5.0/kotlin-stdlib-jdk7-1.5.0.jar:/Users/sousaa3/.m2/repository/org/jetbrains/kotlin/kotlin-stdlib-jdk8/1.5.0/kotlin-stdlib-jdk8-1.5.0.jar:/Users/sousaa3/.m2/repository/org/jetbrains/kotlinx/atomicfu/0.14.1/atomicfu-0.14.1.jar:/Users/sousaa3/.m2/repository/com/typesafe/config/1.3.1/config-1.3.1.jar:/Users/sousaa3/.m2/repository/org/jetbrains/kotlinx/kotlinx-coroutines-jdk8/1.5.0/kotlinx-coroutines-jdk8-1.5.0.jar:/Users/sousaa3/.m2/repository/org/jetbrains/kotlinx/kotlinx-coroutines-core-jvm/1.5.0/kotlinx-coroutines-core-jvm-1.5.0.jar:/Users/sousaa3/.m2/repository/org/jetbrains/kotlinx/kotlinx-coroutines-core/1.5.0/kotlinx-coroutines-core-1.5.0.jar:/Users/sousaa3/.m2/repository/org/jetbrains/kotlinx/kotlinx-io-jvm/0.1.16/kotlinx-io-jvm-0.1.16.jar:/Users/sousaa3/.m2/repository/org/jetbrains/kotlinx/atomicfu-common/0.14.1/atomicfu-common-0.14.1.jar:/Users/sousaa3/.m2/repository/org/jetbrains/kotlinx/kotlinx-io/0.1.16/kotlinx-io-0.1.16.jar:/Users/sousaa3/.m2/repository/org/jetbrains/kotlinx/kotlinx-coroutines-io-jvm/0.1.16/kotlinx-coroutines-io-jvm-0.1.16.jar:/Users/sousaa3/.m2/repository/org/jetbrains/kotlinx/kotlinx-coroutines-core-common/1.3.2-1.3.60/kotlinx-coroutines-core-common-1.3.2-1.3.60.jar:/Users/sousaa3/.m2/repository/org/jetbrains/kotlinx/kotlinx-coroutines-io/0.1.16/kotlinx-coroutines-io-0.1.16.jar:/Users/sousaa3/.m2/repository/io/ktor/ktor-server-host-common/1.2.6/ktor-server-host-common-1.2.6.jar:/Users/sousaa3/.m2/repository/io/ktor/ktor-server-core/1.2.6/ktor-server-core-1.2.6.jar:/Users/sousaa3/.m2/repository/io/netty/netty-codec-http2/4.1.65.Final/netty-codec-http2-4.1.65.Final.jar:/Users/sousaa3/.m2/repository/io/netty/netty-codec-http/4.1.65.Final/netty-codec-http-4.1.65.Final.jar:/Users/sousaa3/.m2/repository/org/eclipse/jetty/alpn/alpn-api/1.1.3.v20160715/alpn-api-1.1.3.v20160715.jar:/Users/sousaa3/.m2/repository/io/netty/netty-transport-native-kqueue/4.1.65.Final/netty-transport-native-kqueue-4.1.65.Final.jar:/Users/sousaa3/.m2/repository/io/netty/netty-transport-native-unix-common/4.1.65.Final/netty-transport-native-unix-common-4.1.65.Final.jar:/Users/sousaa3/.m2/repository/io/netty/netty-transport-native-epoll/4.1.65.Final/netty-transport-native-epoll-4.1.65.Final.jar:/Users/sousaa3/.m2/repository/io/ktor/ktor-network-tls/1.2.6/ktor-network-tls-1.2.6.jar:/Users/sousaa3/.m2/repository/io/ktor/ktor-network/1.2.6/ktor-network-1.2.6.jar:/Users/sousaa3/.m2/repository/io/ktor/ktor-utils-jvm/1.2.6/ktor-utils-jvm-1.2.6.jar:/Users/sousaa3/.m2/repository/io/ktor/ktor-http-cio-jvm/1.2.6/ktor-http-cio-jvm-1.2.6.jar:/Users/sousaa3/.m2/repository/org/slf4j/slf4j-api/1.7.30/slf4j-api-1.7.30.jar:/Users/sousaa3/.m2/repository/au/com/dius/pact/consumer/junit5/4.3.2/junit5-4.3.2.jar:/Users/sousaa3/.m2/repository/au/com/dius/pact/consumer/4.3.2/consumer-4.3.2.jar:/Users/sousaa3/.m2/repository/au/com/dius/pact/core/support/4.3.2/support-4.3.2.jar:/Users/sousaa3/.m2/repository/io/github/microutils/kotlin-logging-jvm/2.0.10/kotlin-logging-jvm-2.0.10.jar:/Users/sousaa3/.m2/repository/com/michael-bull/kotlin-result/kotlin-result-jvm/1.1.12/kotlin-result-jvm-1.1.12.jar:/Users/sousaa3/.m2/repository/org/antlr/antlr4/4.9.2/antlr4-4.9.2.jar:/Users/sousaa3/.m2/repository/org/antlr/antlr4-runtime/4.9.2/antlr4-runtime-4.9.2.jar:/Users/sousaa3/.m2/repository/org/antlr/antlr-runtime/3.5.2/antlr-runtime-3.5.2.jar:/Users/sousaa3/.m2/repository/org/antlr/ST4/4.3/ST4-4.3.jar:/Users/sousaa3/.m2/repository/org/abego/treelayout/org.abego.treelayout.core/1.0.3/org.abego.treelayout.core-1.0.3.jar:/Users/sousaa3/.m2/repository/com/ibm/icu/icu4j/61.1/icu4j-61.1.jar:/Users/sousaa3/.m2/repository/com/google/code/findbugs/jsr305/3.0.2/jsr305-3.0.2.jar:/Users/sousaa3/.m2/repository/au/com/dius/pact/core/model/4.3.2/model-4.3.2.jar:/Users/sousaa3/.m2/repository/au/com/dius/pact/core/pactbroker/4.3.2/pactbroker-4.3.2.jar:/Users/sousaa3/.m2/repository/org/apache/tika/tika-core/1.27/tika-core-1.27.jar:/Users/sousaa3/.m2/repository/io/ktor/ktor-http-jvm/1.6.1/ktor-http-jvm-1.6.1.jar:/Users/sousaa3/.m2/repository/commons-beanutils/commons-beanutils/1.9.4/commons-beanutils-1.9.4.jar:/Users/sousaa3/.m2/repository/commons-collections/commons-collections/3.2.2/commons-collections-3.2.2.jar:/Users/sousaa3/.m2/repository/au/com/dius/pact/core/matchers/4.3.2/matchers-4.3.2.jar:/Users/sousaa3/.m2/repository/com/github/ajalt/mordant/1.2.1/mordant-1.2.1.jar:/Users/sousaa3/.m2/repository/com/github/ajalt/colormath/1.2.0/colormath-1.2.0.jar:/Users/sousaa3/.m2/repository/org/apache/httpcomponents/client5/httpclient5/5.0.4/httpclient5-5.0.4.jar:/Users/sousaa3/.m2/repository/org/apache/httpcomponents/core5/httpcore5/5.1.1/httpcore5-5.1.1.jar:/Users/sousaa3/.m2/repository/org/apache/httpcomponents/core5/httpcore5-h2/5.1.1/httpcore5-h2-5.1.1.jar:/Users/sousaa3/.m2/repository/org/apache/httpcomponents/client5/httpclient5-fluent/5.0.4/httpclient5-fluent-5.0.4.jar:/Users/sousaa3/.m2/repository/io/ktor/ktor-network-tls-certificates/1.6.2/ktor-network-tls-certificates-1.6.2.jar:/Users/sousaa3/.m2/repository/io/ktor/ktor-network-tls-jvm/1.6.2/ktor-network-tls-jvm-1.6.2.jar:/Users/sousaa3/.m2/repository/io/ktor/ktor-network-jvm/1.6.2/ktor-network-jvm-1.6.2.jar:/Users/sousaa3/.m2/repository/io/pact/plugin/driver/core/0.0.7/core-0.0.7.jar:/Users/sousaa3/.m2/repository/com/vdurmont/semver4j/3.1.0/semver4j-3.1.0.jar:/Users/sousaa3/.m2/repository/io/grpc/grpc-protobuf/1.41.0/grpc-protobuf-1.41.0.jar:/Users/sousaa3/.m2/repository/io/grpc/grpc-api/1.41.0/grpc-api-1.41.0.jar:/Users/sousaa3/.m2/repository/io/grpc/grpc-context/1.41.0/grpc-context-1.41.0.jar:/Users/sousaa3/.m2/repository/com/google/protobuf/protobuf-java/3.17.2/protobuf-java-3.17.2.jar:/Users/sousaa3/.m2/repository/com/google/api/grpc/proto-google-common-protos/2.0.1/proto-google-common-protos-2.0.1.jar:/Users/sousaa3/.m2/repository/io/grpc/grpc-protobuf-lite/1.41.0/grpc-protobuf-lite-1.41.0.jar:/Users/sousaa3/.m2/repository/io/grpc/grpc-stub/1.41.0/grpc-stub-1.41.0.jar:/Users/sousaa3/.m2/repository/com/google/errorprone/error_prone_annotations/2.9.0/error_prone_annotations-2.9.0.jar:/Users/sousaa3/.m2/repository/io/grpc/grpc-netty/1.41.0/grpc-netty-1.41.0.jar:/Users/sousaa3/.m2/repository/io/grpc/grpc-core/1.41.0/grpc-core-1.41.0.jar:/Users/sousaa3/.m2/repository/com/google/android/annotations/4.1.1.4/annotations-4.1.1.4.jar:/Users/sousaa3/.m2/repository/org/codehaus/mojo/animal-sniffer-annotations/1.19/animal-sniffer-annotations-1.19.jar:/Users/sousaa3/.m2/repository/io/netty/netty-handler-proxy/4.1.65.Final/netty-handler-proxy-4.1.65.Final.jar:/Users/sousaa3/.m2/repository/io/netty/netty-codec-socks/4.1.65.Final/netty-codec-socks-4.1.65.Final.jar:/Users/sousaa3/.m2/repository/io/perfmark/perfmark-api/0.23.0/perfmark-api-0.23.0.jar:/Users/sousaa3/.m2/repository/javax/annotation/javax.annotation-api/1.3.2/javax.annotation-api-1.3.2.jar:/Users/sousaa3/.m2/repository/com/google/guava/guava/31.0.1-jre/guava-31.0.1-jre.jar:/Users/sousaa3/.m2/repository/com/google/guava/failureaccess/1.0.1/failureaccess-1.0.1.jar:/Users/sousaa3/.m2/repository/com/google/guava/listenablefuture/9999.0-empty-to-avoid-conflict-with-guava/listenablefuture-9999.0-empty-to-avoid-conflict-with-guava.jar:/Users/sousaa3/.m2/repository/org/checkerframework/checker-qual/3.12.0/checker-qual-3.12.0.jar:/Users/sousaa3/.m2/repository/com/google/j2objc/j2objc-annotations/1.3/j2objc-annotations-1.3.jar:/Users/sousaa3/.m2/repository/javax/json/javax.json-api/1.1.4/javax.json-api-1.1.4.jar:/Users/sousaa3/.m2/repository/org/glassfish/javax.json/1.1.4/javax.json-1.1.4.jar:/Users/sousaa3/.m2/repository/org/apache/commons/commons-lang3/3.12.0/commons-lang3-3.12.0.jar:/Users/sousaa3/.m2/repository/com/github/mifmif/generex/1.0.2/generex-1.0.2.jar:/Users/sousaa3/.m2/repository/commons-io/commons-io/1.3.2/commons-io-1.3.2.jar:/Users/sousaa3/.m2/repository/org/apache/commons/commons-text/1.9/commons-text-1.9.jar:/Users/sousaa3/.m2/repository/org/jetbrains/kotlin/kotlin-stdlib/1.5.0/kotlin-stdlib-1.5.0.jar:/Users/sousaa3/.m2/repository/org/jetbrains/annotations/13.0/annotations-13.0.jar:/Users/sousaa3/.m2/repository/org/jetbrains/kotlin/kotlin-stdlib-common/1.5.0/kotlin-stdlib-common-1.5.0.jar:/Users/sousaa3/.m2/repository/org/jetbrains/kotlin/kotlin-reflect/1.5.0/kotlin-reflect-1.5.0.jar:"/>
    <property name="java.vm.vendor" value="Oracle Corporation"/>
    <property name="sun.arch.data.model" value="64"/>
    <property name="java.vendor.url" value="http://java.oracle.com/"/>
    <property name="user.timezone" value=""/>
    <property name="user.country.format" value="PT"/>
    <property name="java.vm.specification.version" value="1.8"/>
    <property name="os.name" value="Mac OS X"/>
    <property name="user.country" value="GB"/>
    <property name="sun.java.launcher" value="SUN_STANDARD"/>
    <property name="sun.boot.library.path" value="/Library/Java/JavaVirtualMachines/jdk1.8.0_211.jdk/Contents/Home/jre/lib"/>
    <property name="sun.java.command" value="/Users/sousaa3/projects/github/ContractTestingPOC/agendas-consumer-service/target/surefire/surefirebooter8532953429797292182.jar /Users/sousaa3/projects/github/ContractTestingPOC/agendas-consumer-service/target/surefire 2022-06-27T16-31-11_602-jvmRun1 surefire8261989988786287311tmp surefire_07960411584078788356tmp"/>
    <property name="surefire.test.class.path" value="/Users/sousaa3/projects/github/ContractTestingPOC/agendas-consumer-service/target/test-classes:/Users/sousaa3/projects/github/ContractTestingPOC/agendas-consumer-service/target/classes:/Users/sousaa3/.m2/repository/org/springframework/boot/spring-boot-starter-web/2.5.0/spring-boot-starter-web-2.5.0.jar:/Users/sousaa3/.m2/repository/org/springframework/boot/spring-boot-starter/2.5.0/spring-boot-starter-2.5.0.jar:/Users/sousaa3/.m2/repository/org/springframework/boot/spring-boot/2.5.0/spring-boot-2.5.0.jar:/Users/sousaa3/.m2/repository/org/springframework/boot/spring-boot-autoconfigure/2.5.0/spring-boot-autoconfigure-2.5.0.jar:/Users/sousaa3/.m2/repository/org/springframework/boot/spring-boot-starter-logging/2.5.0/spring-boot-starter-logging-2.5.0.jar:/Users/sousaa3/.m2/repository/ch/qos/logback/logback-classic/1.2.3/logback-classic-1.2.3.jar:/Users/sousaa3/.m2/repository/ch/qos/logback/logback-core/1.2.3/logback-core-1.2.3.jar:/Users/sousaa3/.m2/repository/org/apache/logging/log4j/log4j-to-slf4j/2.14.1/log4j-to-slf4j-2.14.1.jar:/Users/sousaa3/.m2/repository/org/apache/logging/log4j/log4j-api/2.14.1/log4j-api-2.14.1.jar:/Users/sousaa3/.m2/repository/org/slf4j/jul-to-slf4j/1.7.30/jul-to-slf4j-1.7.30.jar:/Users/sousaa3/.m2/repository/jakarta/annotation/jakarta.annotation-api/1.3.5/jakarta.annotation-api-1.3.5.jar:/Users/sousaa3/.m2/repository/org/yaml/snakeyaml/1.28/snakeyaml-1.28.jar:/Users/sousaa3/.m2/repository/org/springframework/boot/spring-boot-starter-json/2.5.0/spring-boot-starter-json-2.5.0.jar:/Users/sousaa3/.m2/repository/com/fasterxml/jackson/core/jackson-databind/2.12.3/jackson-databind-2.12.3.jar:/Users/sousaa3/.m2/repository/com/fasterxml/jackson/core/jackson-annotations/2.12.3/jackson-annotations-2.12.3.jar:/Users/sousaa3/.m2/repository/com/fasterxml/jackson/core/jackson-core/2.12.3/jackson-core-2.12.3.jar:/Users/sousaa3/.m2/repository/com/fasterxml/jackson/datatype/jackson-datatype-jdk8/2.12.3/jackson-datatype-jdk8-2.12.3.jar:/Users/sousaa3/.m2/repository/com/fasterxml/jackson/datatype/jackson-datatype-jsr310/2.12.3/jackson-datatype-jsr310-2.12.3.jar:/Users/sousaa3/.m2/repository/com/fasterxml/jackson/module/jackson-module-parameter-names/2.12.3/jackson-module-parameter-names-2.12.3.jar:/Users/sousaa3/.m2/repository/org/springframework/boot/spring-boot-starter-tomcat/2.5.0/spring-boot-starter-tomcat-2.5.0.jar:/Users/sousaa3/.m2/repository/org/apache/tomcat/embed/tomcat-embed-core/9.0.46/tomcat-embed-core-9.0.46.jar:/Users/sousaa3/.m2/repository/org/apache/tomcat/embed/tomcat-embed-el/9.0.46/tomcat-embed-el-9.0.46.jar:/Users/sousaa3/.m2/repository/org/apache/tomcat/embed/tomcat-embed-websocket/9.0.46/tomcat-embed-websocket-9.0.46.jar:/Users/sousaa3/.m2/repository/org/springframework/spring-web/5.3.7/spring-web-5.3.7.jar:/Users/sousaa3/.m2/repository/org/springframework/spring-beans/5.3.7/spring-beans-5.3.7.jar:/Users/sousaa3/.m2/repository/org/springframework/spring-webmvc/5.3.7/spring-webmvc-5.3.7.jar:/Users/sousaa3/.m2/repository/org/springframework/spring-aop/5.3.7/spring-aop-5.3.7.jar:/Users/sousaa3/.m2/repository/org/springframework/spring-context/5.3.7/spring-context-5.3.7.jar:/Users/sousaa3/.m2/repository/org/springframework/spring-expression/5.3.7/spring-expression-5.3.7.jar:/Users/sousaa3/.m2/repository/org/springframework/boot/spring-boot-starter-test/2.5.0/spring-boot-starter-test-2.5.0.jar:/Users/sousaa3/.m2/repository/org/springframework/boot/spring-boot-test/2.5.0/spring-boot-test-2.5.0.jar:/Users/sousaa3/.m2/repository/org/springframework/boot/spring-boot-test-autoconfigure/2.5.0/spring-boot-test-autoconfigure-2.5.0.jar:/Users/sousaa3/.m2/repository/com/jayway/jsonpath/json-path/2.5.0/json-path-2.5.0.jar:/Users/sousaa3/.m2/repository/net/minidev/json-smart/2.4.7/json-smart-2.4.7.jar:/Users/sousaa3/.m2/repository/net/minidev/accessors-smart/2.4.7/accessors-smart-2.4.7.jar:/Users/sousaa3/.m2/repository/org/ow2/asm/asm/9.1/asm-9.1.jar:/Users/sousaa3/.m2/repository/jakarta/xml/bind/jakarta.xml.bind-api/2.3.3/jakarta.xml.bind-api-2.3.3.jar:/Users/sousaa3/.m2/repository/jakarta/activation/jakarta.activation-api/1.2.2/jakarta.activation-api-1.2.2.jar:/Users/sousaa3/.m2/repository/org/assertj/assertj-core/3.19.0/assertj-core-3.19.0.jar:/Users/sousaa3/.m2/repository/org/hamcrest/hamcrest/2.2/hamcrest-2.2.jar:/Users/sousaa3/.m2/repository/org/junit/jupiter/junit-jupiter/5.7.2/junit-jupiter-5.7.2.jar:/Users/sousaa3/.m2/repository/org/junit/jupiter/junit-jupiter-params/5.7.2/junit-jupiter-params-5.7.2.jar:/Users/sousaa3/.m2/repository/org/junit/jupiter/junit-jupiter-engine/5.7.2/junit-jupiter-engine-5.7.2.jar:/Users/sousaa3/.m2/repository/org/junit/platform/junit-platform-engine/1.7.2/junit-platform-engine-1.7.2.jar:/Users/sousaa3/.m2/repository/org/mockito/mockito-core/3.9.0/mockito-core-3.9.0.jar:/Users/sousaa3/.m2/repository/net/bytebuddy/byte-buddy/1.10.22/byte-buddy-1.10.22.jar:/Users/sousaa3/.m2/repository/net/bytebuddy/byte-buddy-agent/1.10.22/byte-buddy-agent-1.10.22.jar:/Users/sousaa3/.m2/repository/org/objenesis/objenesis/3.2/objenesis-3.2.jar:/Users/sousaa3/.m2/repository/org/mockito/mockito-junit-jupiter/3.9.0/mockito-junit-jupiter-3.9.0.jar:/Users/sousaa3/.m2/repository/org/skyscreamer/jsonassert/1.5.0/jsonassert-1.5.0.jar:/Users/sousaa3/.m2/repository/com/vaadin/external/google/android-json/0.0.20131108.vaadin1/android-json-0.0.20131108.vaadin1.jar:/Users/sousaa3/.m2/repository/org/springframework/spring-core/5.3.7/spring-core-5.3.7.jar:/Users/sousaa3/.m2/repository/org/springframework/spring-jcl/5.3.7/spring-jcl-5.3.7.jar:/Users/sousaa3/.m2/repository/org/springframework/spring-test/5.3.7/spring-test-5.3.7.jar:/Users/sousaa3/.m2/repository/org/xmlunit/xmlunit-core/2.8.2/xmlunit-core-2.8.2.jar:/Users/sousaa3/.m2/repository/au/com/dius/pact-jvm-consumer-junit5/4.0.10/pact-jvm-consumer-junit5-4.0.10.jar:/Users/sousaa3/.m2/repository/org/junit/jupiter/junit-jupiter-api/5.7.2/junit-jupiter-api-5.7.2.jar:/Users/sousaa3/.m2/repository/org/apiguardian/apiguardian-api/1.1.0/apiguardian-api-1.1.0.jar:/Users/sousaa3/.m2/repository/org/opentest4j/opentest4j/1.2.0/opentest4j-1.2.0.jar:/Users/sousaa3/.m2/repository/org/junit/platform/junit-platform-commons/1.7.2/junit-platform-commons-1.7.2.jar:/Users/sousaa3/.m2/repository/au/com/dius/pact-jvm-consumer/4.0.10/pact-jvm-consumer-4.0.10.jar:/Users/sousaa3/.m2/repository/com/googlecode/java-diff-utils/diffutils/1.3.0/diffutils-1.3.0.jar:/Users/sousaa3/.m2/repository/dk/brics/automaton/automaton/1.11-8/automaton-1.11-8.jar:/Users/sousaa3/.m2/repository/org/apache/httpcomponents/httpclient/4.5.13/httpclient-4.5.13.jar:/Users/sousaa3/.m2/repository/org/apache/httpcomponents/httpcore/4.4.14/httpcore-4.4.14.jar:/Users/sousaa3/.m2/repository/commons-codec/commons-codec/1.15/commons-codec-1.15.jar:/Users/sousaa3/.m2/repository/org/json/json/20160212/json-20160212.jar:/Users/sousaa3/.m2/repository/io/netty/netty-handler/4.1.65.Final/netty-handler-4.1.65.Final.jar:/Users/sousaa3/.m2/repository/io/netty/netty-common/4.1.65.Final/netty-common-4.1.65.Final.jar:/Users/sousaa3/.m2/repository/io/netty/netty-resolver/4.1.65.Final/netty-resolver-4.1.65.Final.jar:/Users/sousaa3/.m2/repository/io/netty/netty-buffer/4.1.65.Final/netty-buffer-4.1.65.Final.jar:/Users/sousaa3/.m2/repository/io/netty/netty-transport/4.1.65.Final/netty-transport-4.1.65.Final.jar:/Users/sousaa3/.m2/repository/io/netty/netty-codec/4.1.65.Final/netty-codec-4.1.65.Final.jar:/Users/sousaa3/.m2/repository/org/apache/httpcomponents/httpmime/4.5.13/httpmime-4.5.13.jar:/Users/sousaa3/.m2/repository/org/apache/httpcomponents/fluent-hc/4.5.13/fluent-hc-4.5.13.jar:/Users/sousaa3/.m2/repository/commons-logging/commons-logging/1.2/commons-logging-1.2.jar:/Users/sousaa3/.m2/repository/au/com/dius/pact-jvm-core-model/4.0.10/pact-jvm-core-model-4.0.10.jar:/Users/sousaa3/.m2/repository/com/github/zafarkhaja/java-semver/0.9.0/java-semver-0.9.0.jar:/Users/sousaa3/.m2/repository/org/apache/commons/commons-collections4/4.1/commons-collections4-4.1.jar:/Users/sousaa3/.m2/repository/javax/mail/mail/1.5.0-b01/mail-1.5.0-b01.jar:/Users/sousaa3/.m2/repository/javax/activation/activation/1.1/activation-1.1.jar:/Users/sousaa3/.m2/repository/au/com/dius/pact-jvm-core-support/4.0.10/pact-jvm-core-support-4.0.10.jar:/Users/sousaa3/.m2/repository/io/github/microutils/kotlin-logging/1.6.26/kotlin-logging-1.6.26.jar:/Users/sousaa3/.m2/repository/io/github/microutils/kotlin-logging-common/1.6.26/kotlin-logging-common-1.6.26.jar:/Users/sousaa3/.m2/repository/io/arrow-kt/arrow-core-extensions/0.9.0/arrow-core-extensions-0.9.0.jar:/Users/sousaa3/.m2/repository/io/arrow-kt/arrow-annotations/0.9.0/arrow-annotations-0.9.0.jar:/Users/sousaa3/.m2/repository/io/kindedj/kindedj/1.1.0/kindedj-1.1.0.jar:/Users/sousaa3/.m2/repository/io/arrow-kt/arrow-typeclasses/0.9.0/arrow-typeclasses-0.9.0.jar:/Users/sousaa3/.m2/repository/io/arrow-kt/arrow-core-data/0.9.0/arrow-core-data-0.9.0.jar:/Users/sousaa3/.m2/repository/au/com/dius/pact-jvm-core-pact-broker/4.0.10/pact-jvm-core-pact-broker-4.0.10.jar:/Users/sousaa3/.m2/repository/org/dmfs/rfc3986-uri/0.8/rfc3986-uri-0.8.jar:/Users/sousaa3/.m2/repository/org/dmfs/iterators/1.5/iterators-1.5.jar:/Users/sousaa3/.m2/repository/org/dmfs/optional/0.3/optional-0.3.jar:/Users/sousaa3/.m2/repository/com/google/code/gson/gson/2.8.6/gson-2.8.6.jar:/Users/sousaa3/.m2/repository/com/github/salomonbrys/kotson/kotson/2.5.0/kotson-2.5.0.jar:/Users/sousaa3/.m2/repository/au/com/dius/pact-jvm-core-matchers/4.0.10/pact-jvm-core-matchers-4.0.10.jar:/Users/sousaa3/.m2/repository/xerces/xercesImpl/2.12.0/xercesImpl-2.12.0.jar:/Users/sousaa3/.m2/repository/xml-apis/xml-apis/1.4.01/xml-apis-1.4.01.jar:/Users/sousaa3/.m2/repository/org/atteo/evo-inflector/1.2.2/evo-inflector-1.2.2.jar:/Users/sousaa3/.m2/repository/io/ktor/ktor-server-netty/1.2.6/ktor-server-netty-1.2.6.jar:/Users/sousaa3/.m2/repository/org/jetbrains/kotlin/kotlin-stdlib-jdk7/1.5.0/kotlin-stdlib-jdk7-1.5.0.jar:/Users/sousaa3/.m2/repository/org/jetbrains/kotlin/kotlin-stdlib-jdk8/1.5.0/kotlin-stdlib-jdk8-1.5.0.jar:/Users/sousaa3/.m2/repository/org/jetbrains/kotlinx/atomicfu/0.14.1/atomicfu-0.14.1.jar:/Users/sousaa3/.m2/repository/com/typesafe/config/1.3.1/config-1.3.1.jar:/Users/sousaa3/.m2/repository/org/jetbrains/kotlinx/kotlinx-coroutines-jdk8/1.5.0/kotlinx-coroutines-jdk8-1.5.0.jar:/Users/sousaa3/.m2/repository/org/jetbrains/kotlinx/kotlinx-coroutines-core-jvm/1.5.0/kotlinx-coroutines-core-jvm-1.5.0.jar:/Users/sousaa3/.m2/repository/org/jetbrains/kotlinx/kotlinx-coroutines-core/1.5.0/kotlinx-coroutines-core-1.5.0.jar:/Users/sousaa3/.m2/repository/org/jetbrains/kotlinx/kotlinx-io-jvm/0.1.16/kotlinx-io-jvm-0.1.16.jar:/Users/sousaa3/.m2/repository/org/jetbrains/kotlinx/atomicfu-common/0.14.1/atomicfu-common-0.14.1.jar:/Users/sousaa3/.m2/repository/org/jetbrains/kotlinx/kotlinx-io/0.1.16/kotlinx-io-0.1.16.jar:/Users/sousaa3/.m2/repository/org/jetbrains/kotlinx/kotlinx-coroutines-io-jvm/0.1.16/kotlinx-coroutines-io-jvm-0.1.16.jar:/Users/sousaa3/.m2/repository/org/jetbrains/kotlinx/kotlinx-coroutines-core-common/1.3.2-1.3.60/kotlinx-coroutines-core-common-1.3.2-1.3.60.jar:/Users/sousaa3/.m2/repository/org/jetbrains/kotlinx/kotlinx-coroutines-io/0.1.16/kotlinx-coroutines-io-0.1.16.jar:/Users/sousaa3/.m2/repository/io/ktor/ktor-server-host-common/1.2.6/ktor-server-host-common-1.2.6.jar:/Users/sousaa3/.m2/repository/io/ktor/ktor-server-core/1.2.6/ktor-server-core-1.2.6.jar:/Users/sousaa3/.m2/repository/io/netty/netty-codec-http2/4.1.65.Final/netty-codec-http2-4.1.65.Final.jar:/Users/sousaa3/.m2/repository/io/netty/netty-codec-http/4.1.65.Final/netty-codec-http-4.1.65.Final.jar:/Users/sousaa3/.m2/repository/org/eclipse/jetty/alpn/alpn-api/1.1.3.v20160715/alpn-api-1.1.3.v20160715.jar:/Users/sousaa3/.m2/repository/io/netty/netty-transport-native-kqueue/4.1.65.Final/netty-transport-native-kqueue-4.1.65.Final.jar:/Users/sousaa3/.m2/repository/io/netty/netty-transport-native-unix-common/4.1.65.Final/netty-transport-native-unix-common-4.1.65.Final.jar:/Users/sousaa3/.m2/repository/io/netty/netty-transport-native-epoll/4.1.65.Final/netty-transport-native-epoll-4.1.65.Final.jar:/Users/sousaa3/.m2/repository/io/ktor/ktor-network-tls/1.2.6/ktor-network-tls-1.2.6.jar:/Users/sousaa3/.m2/repository/io/ktor/ktor-network/1.2.6/ktor-network-1.2.6.jar:/Users/sousaa3/.m2/repository/io/ktor/ktor-utils-jvm/1.2.6/ktor-utils-jvm-1.2.6.jar:/Users/sousaa3/.m2/repository/io/ktor/ktor-http-cio-jvm/1.2.6/ktor-http-cio-jvm-1.2.6.jar:/Users/sousaa3/.m2/repository/org/slf4j/slf4j-api/1.7.30/slf4j-api-1.7.30.jar:/Users/sousaa3/.m2/repository/au/com/dius/pact/consumer/junit5/4.3.2/junit5-4.3.2.jar:/Users/sousaa3/.m2/repository/au/com/dius/pact/consumer/4.3.2/consumer-4.3.2.jar:/Users/sousaa3/.m2/repository/au/com/dius/pact/core/support/4.3.2/support-4.3.2.jar:/Users/sousaa3/.m2/repository/io/github/microutils/kotlin-logging-jvm/2.0.10/kotlin-logging-jvm-2.0.10.jar:/Users/sousaa3/.m2/repository/com/michael-bull/kotlin-result/kotlin-result-jvm/1.1.12/kotlin-result-jvm-1.1.12.jar:/Users/sousaa3/.m2/repository/org/antlr/antlr4/4.9.2/antlr4-4.9.2.jar:/Users/sousaa3/.m2/repository/org/antlr/antlr4-runtime/4.9.2/antlr4-runtime-4.9.2.jar:/Users/sousaa3/.m2/repository/org/antlr/antlr-runtime/3.5.2/antlr-runtime-3.5.2.jar:/Users/sousaa3/.m2/repository/org/antlr/ST4/4.3/ST4-4.3.jar:/Users/sousaa3/.m2/repository/org/abego/treelayout/org.abego.treelayout.core/1.0.3/org.abego.treelayout.core-1.0.3.jar:/Users/sousaa3/.m2/repository/com/ibm/icu/icu4j/61.1/icu4j-61.1.jar:/Users/sousaa3/.m2/repository/com/google/code/findbugs/jsr305/3.0.2/jsr305-3.0.2.jar:/Users/sousaa3/.m2/repository/au/com/dius/pact/core/model/4.3.2/model-4.3.2.jar:/Users/sousaa3/.m2/repository/au/com/dius/pact/core/pactbroker/4.3.2/pactbroker-4.3.2.jar:/Users/sousaa3/.m2/repository/org/apache/tika/tika-core/1.27/tika-core-1.27.jar:/Users/sousaa3/.m2/repository/io/ktor/ktor-http-jvm/1.6.1/ktor-http-jvm-1.6.1.jar:/Users/sousaa3/.m2/repository/commons-beanutils/commons-beanutils/1.9.4/commons-beanutils-1.9.4.jar:/Users/sousaa3/.m2/repository/commons-collections/commons-collections/3.2.2/commons-collections-3.2.2.jar:/Users/sousaa3/.m2/repository/au/com/dius/pact/core/matchers/4.3.2/matchers-4.3.2.jar:/Users/sousaa3/.m2/repository/com/github/ajalt/mordant/1.2.1/mordant-1.2.1.jar:/Users/sousaa3/.m2/repository/com/github/ajalt/colormath/1.2.0/colormath-1.2.0.jar:/Users/sousaa3/.m2/repository/org/apache/httpcomponents/client5/httpclient5/5.0.4/httpclient5-5.0.4.jar:/Users/sousaa3/.m2/repository/org/apache/httpcomponents/core5/httpcore5/5.1.1/httpcore5-5.1.1.jar:/Users/sousaa3/.m2/repository/org/apache/httpcomponents/core5/httpcore5-h2/5.1.1/httpcore5-h2-5.1.1.jar:/Users/sousaa3/.m2/repository/org/apache/httpcomponents/client5/httpclient5-fluent/5.0.4/httpclient5-fluent-5.0.4.jar:/Users/sousaa3/.m2/repository/io/ktor/ktor-network-tls-certificates/1.6.2/ktor-network-tls-certificates-1.6.2.jar:/Users/sousaa3/.m2/repository/io/ktor/ktor-network-tls-jvm/1.6.2/ktor-network-tls-jvm-1.6.2.jar:/Users/sousaa3/.m2/repository/io/ktor/ktor-network-jvm/1.6.2/ktor-network-jvm-1.6.2.jar:/Users/sousaa3/.m2/repository/io/pact/plugin/driver/core/0.0.7/core-0.0.7.jar:/Users/sousaa3/.m2/repository/com/vdurmont/semver4j/3.1.0/semver4j-3.1.0.jar:/Users/sousaa3/.m2/repository/io/grpc/grpc-protobuf/1.41.0/grpc-protobuf-1.41.0.jar:/Users/sousaa3/.m2/repository/io/grpc/grpc-api/1.41.0/grpc-api-1.41.0.jar:/Users/sousaa3/.m2/repository/io/grpc/grpc-context/1.41.0/grpc-context-1.41.0.jar:/Users/sousaa3/.m2/repository/com/google/protobuf/protobuf-java/3.17.2/protobuf-java-3.17.2.jar:/Users/sousaa3/.m2/repository/com/google/api/grpc/proto-google-common-protos/2.0.1/proto-google-common-protos-2.0.1.jar:/Users/sousaa3/.m2/repository/io/grpc/grpc-protobuf-lite/1.41.0/grpc-protobuf-lite-1.41.0.jar:/Users/sousaa3/.m2/repository/io/grpc/grpc-stub/1.41.0/grpc-stub-1.41.0.jar:/Users/sousaa3/.m2/repository/com/google/errorprone/error_prone_annotations/2.9.0/error_prone_annotations-2.9.0.jar:/Users/sousaa3/.m2/repository/io/grpc/grpc-netty/1.41.0/grpc-netty-1.41.0.jar:/Users/sousaa3/.m2/repository/io/grpc/grpc-core/1.41.0/grpc-core-1.41.0.jar:/Users/sousaa3/.m2/repository/com/google/android/annotations/4.1.1.4/annotations-4.1.1.4.jar:/Users/sousaa3/.m2/repository/org/codehaus/mojo/animal-sniffer-annotations/1.19/animal-sniffer-annotations-1.19.jar:/Users/sousaa3/.m2/repository/io/netty/netty-handler-proxy/4.1.65.Final/netty-handler-proxy-4.1.65.Final.jar:/Users/sousaa3/.m2/repository/io/netty/netty-codec-socks/4.1.65.Final/netty-codec-socks-4.1.65.Final.jar:/Users/sousaa3/.m2/repository/io/perfmark/perfmark-api/0.23.0/perfmark-api-0.23.0.jar:/Users/sousaa3/.m2/repository/javax/annotation/javax.annotation-api/1.3.2/javax.annotation-api-1.3.2.jar:/Users/sousaa3/.m2/repository/com/google/guava/guava/31.0.1-jre/guava-31.0.1-jre.jar:/Users/sousaa3/.m2/repository/com/google/guava/failureaccess/1.0.1/failureaccess-1.0.1.jar:/Users/sousaa3/.m2/repository/com/google/guava/listenablefuture/9999.0-empty-to-avoid-conflict-with-guava/listenablefuture-9999.0-empty-to-avoid-conflict-with-guava.jar:/Users/sousaa3/.m2/repository/org/checkerframework/checker-qual/3.12.0/checker-qual-3.12.0.jar:/Users/sousaa3/.m2/repository/com/google/j2objc/j2objc-annotations/1.3/j2objc-annotations-1.3.jar:/Users/sousaa3/.m2/repository/javax/json/javax.json-api/1.1.4/javax.json-api-1.1.4.jar:/Users/sousaa3/.m2/repository/org/glassfish/javax.json/1.1.4/javax.json-1.1.4.jar:/Users/sousaa3/.m2/repository/org/apache/commons/commons-lang3/3.12.0/commons-lang3-3.12.0.jar:/Users/sousaa3/.m2/repository/com/github/mifmif/generex/1.0.2/generex-1.0.2.jar:/Users/sousaa3/.m2/repository/commons-io/commons-io/1.3.2/commons-io-1.3.2.jar:/Users/sousaa3/.m2/repository/org/apache/commons/commons-text/1.9/commons-text-1.9.jar:/Users/sousaa3/.m2/repository/org/jetbrains/kotlin/kotlin-stdlib/1.5.0/kotlin-stdlib-1.5.0.jar:/Users/sousaa3/.m2/repository/org/jetbrains/annotations/13.0/annotations-13.0.jar:/Users/sousaa3/.m2/repository/org/jetbrains/kotlin/kotlin-stdlib-common/1.5.0/kotlin-stdlib-common-1.5.0.jar:/Users/sousaa3/.m2/repository/org/jetbrains/kotlin/kotlin-reflect/1.5.0/kotlin-reflect-1.5.0.jar:"/>
    <property name="sun.cpu.endian" value="little"/>
    <property name="user.home" value="/Users/sousaa3"/>
    <property name="user.language" value="en"/>
    <property name="java.specification.vendor" value="Oracle Corporation"/>
    <property name="java.home" value="/Library/Java/JavaVirtualMachines/jdk1.8.0_211.jdk/Contents/Home/jre"/>
    <property name="basedir" value="/Users/sousaa3/projects/github/ContractTestingPOC/agendas-consumer-service"/>
    <property name="file.separator" value="/"/>
    <property name="line.separator" value="&#10;"/>
    <property name="java.vm.specification.vendor" value="Oracle Corporation"/>
    <property name="java.specification.name" value="Java Platform API Specification"/>
    <property name="java.awt.graphicsenv" value="sun.awt.CGraphicsEnvironment"/>
    <property name="surefire.real.class.path" value="/Users/sousaa3/projects/github/ContractTestingPOC/agendas-consumer-service/target/surefire/surefirebooter8532953429797292182.jar"/>
    <property name="sun.boot.class.path" value="/Library/Java/JavaVirtualMachines/jdk1.8.0_211.jdk/Contents/Home/jre/lib/resources.jar:/Library/Java/JavaVirtualMachines/jdk1.8.0_211.jdk/Contents/Home/jre/lib/rt.jar:/Library/Java/JavaVirtualMachines/jdk1.8.0_211.jdk/Contents/Home/jre/lib/sunrsasign.jar:/Library/Java/JavaVirtualMachines/jdk1.8.0_211.jdk/Contents/Home/jre/lib/jsse.jar:/Library/Java/JavaVirtualMachines/jdk1.8.0_211.jdk/Contents/Home/jre/lib/jce.jar:/Library/Java/JavaVirtualMachines/jdk1.8.0_211.jdk/Contents/Home/jre/lib/charsets.jar:/Library/Java/JavaVirtualMachines/jdk1.8.0_211.jdk/Contents/Home/jre/lib/jfr.jar:/Library/Java/JavaVirtualMachines/jdk1.8.0_211.jdk/Contents/Home/jre/classes"/>
    <property name="sun.management.compiler" value="HotSpot 64-Bit Tiered Compilers"/>
    <property name="java.runtime.version" value="1.8.0_211-b12"/>
    <property name="user.name" value="sousaa3"/>
    <property name="path.separator" value=":"/>
    <property name="os.version" value="10.15.7"/>
    <property name="java.endorsed.dirs" value="/Library/Java/JavaVirtualMachines/jdk1.8.0_211.jdk/Contents/Home/jre/lib/endorsed"/>
    <property name="java.runtime.name" value="Java(TM) SE Runtime Environment"/>
    <property name="file.encoding" value="UTF-8"/>
    <property name="java.vm.name" value="Java HotSpot(TM) 64-Bit Server VM"/>
    <property name="localRepository" value="/Users/sousaa3/.m2/repository"/>
    <property name="java.vendor.url.bug" value="http://bugreport.sun.com/bugreport/"/>
    <property name="java.io.tmpdir" value="/var/folders/ll/qln51rbj0j1gvw33f28941nhffyfmm/T/"/>
    <property name="java.version" value="1.8.0_211"/>
    <property name="user.dir" value="/Users/sousaa3/projects/github/ContractTestingPOC/agendas-consumer-service"/>
    <property name="os.arch" value="x86_64"/>
    <property name="java.vm.specification.name" value="Java Virtual Machine Specification"/>
    <property name="java.awt.printerjob" value="sun.lwawt.macosx.CPrinterJob"/>
    <property name="sun.os.patch.level" value="unknown"/>
    <property name="java.library.path" value="/Users/sousaa3/Library/Java/Extensions:/Library/Java/Extensions:/Network/Library/Java/Extensions:/System/Library/Java/Extensions:/usr/lib/java:."/>
    <property name="java.vm.info" value="mixed mode"/>
    <property name="java.vendor" value="Oracle Corporation"/>
    <property name="java.vm.version" value="25.211-b12"/>
    <property name="java.ext.dirs" value="/Users/sousaa3/Library/Java/Extensions:/Library/Java/JavaVirtualMachines/jdk1.8.0_211.jdk/Contents/Home/jre/lib/ext:/Library/Java/Extensions:/Network/Library/Java/Extensions:/System/Library/Java/Extensions:/usr/lib/java"/>
    <property name="sun.io.unicode.encoding" value="UnicodeBig"/>
    <property name="java.class.version" value="52.0"/>
  </properties>
  <testcase name="shouldProcessAccountWithoutBets2{MockServer}" classname="contracts.FBRSearchBetsContractTests" time="0.13"/>
  <testcase name="shouldProcessAccountWithoutBets{MockServer}" classname="contracts.FBRSearchBetsContractTests" time="0.126"/>
</testsuite>